Pqrpq OK
7.333333 7.666667 15.000000 26
i,0,0,4,1
i,0,1,4,3
e,0,0,2,U,U,
e,0,1,1,S,S,
i,1,2,1,2
i,1,3,1,4
e,1,0,3,U,U,
e,1,1,1,O,O,
i,2,4,2,1
i,2,5,1,2
e,2,0,4,U,U,
o,2,2,enter,1
o,2,3,enter,1
e,2,1,1,E,O,2:4
e,3,0,4,S,S,
e,3,1,1,C,S,2:4
e,4,1,2,U,U,2:4
e,4,0,4,O,O,
e,5,1,2,S,S,2:4
o,5,0,enter,4
o,5,1,enter,4
e,5,0,4,E,O,1:3
e,6,1,2,O,O,2:4
e,6,0,4,C,S,1:3
o,7,2,exit,2
e,7,1,2,X,O,4
e,7,0,3,D,D,1:3
e,8,0,3,S,S,1:3
e,8,1,2,C,S,4
e,9,1,3,U,U,4
e,9,0,3,O,O,1:3
e,10,1,4,U,U,4
o,10,1,exit,3
e,10,0,3,X,O,1
e,11,1,4,S,S,4
e,11,0,3,C,S,1
e,12,1,4,O,O,4
e,12,0,2,D,D,1
e,13,0,2,S,S,1
o,13,3,exit,4
e,13,1,4,X,O,
e,14,0,2,O,O,1
e,14,1,4,C,S,
e,15,1,4,S,S,
o,15,4,enter,2
e,15,0,2,E,O,1:1
e,16,1,4,S,S,
e,16,0,2,C,S,1:1
e,17,1,4,S,S,
e,17,0,1,D,D,1:1
e,18,0,1,S,S,1:1
e,18,1,4,S,S,
e,19,1,4,S,S,
e,19,0,1,O,O,1:1
e,20,1,4,S,S,
o,20,0,exit,1
o,20,4,exit,1
e,20,0,1,X,O,
e,21,1,4,S,S,
o,21,5,enter,1
e,21,0,1,E,O,2
e,22,1,4,S,S,
e,22,0,1,C,S,2
e,23,0,2,U,U,2
e,23,1,4,S,S,
e,24,0,2,S,S,2
e,24,1,4,S,S,
e,25,1,4,S,S,
e,25,0,2,O,O,2
e,26,1,4,S,S,
o,26,5,exit,2
e,26,0,2,X,O,
